
(18 rows affected)

(11 rows affected)

(16 rows affected)

(5 rows affected)

(45 rows affected)

(10 rows affected)

(10 rows affected)

(8 rows affected)

(21 rows affected)

(3 rows affected)

(2 rows affected)

(11 rows affected)

(9 rows affected)

(22 rows affected)

(1 row affected)

(5 rows affected)

(1 row affected)

(6 rows affected)

(2 rows affected)

(1 row affected)

(11 rows affected)

(18 rows affected)

(1 row affected)

(6 rows affected)

(13 rows affected)

(10 rows affected)

(12 rows affected)

(24 rows affected)

(7 rows affected)

(1 row affected)

(1 row affected)
Msg 3609, Level 16, State 1, Line 311
The transaction ended in the trigger. The batch has been aborted.

(1 row affected)

(1 row affected)

(1 row affected)

(1 row affected)

Completion time: 2023-03-23T23:11:56.1514021-07:00
